# JRE version: OpenJDK Runtime Environment Temurin-19.0.2+7 (19.0.2+7) (build 19.0.2+7)
# Java VM: OpenJDK 64-Bit Server VM Temurin-19.0.2+7 (19.0.2+7, mixed mode, sharing, tiered, compressed oops, compressed class ptrs, g1 gc, windows-amd64)
GC Precious Log:
 CardTable entry size: 512
 Card Set container configuration: InlinePtr #cards 5 size 8 Array Of Cards #cards 12 size 40 Howl #buckets 4 coarsen threshold 1843 Howl Bitmap #cards 512 size 80 coarsen threshold 460 Card regions per heap region 1 cards per card region 2048
 CPUs: 20 total, 20 available
 Memory: 16322M
 Large Page Support: Disabled
 NUMA Support: Disabled
 Compressed Oops: Enabled (32-bit)
 Heap Region Size: 1M
 Heap Min Capacity: 8M
 Heap Initial Capacity: 256M
 Heap Max Capacity: 1G
 Pre-touch: Disabled
 Parallel Workers: 15
 Concurrent Workers: 4
 Concurrent Refinement Workers: 15
 Periodic GC: Disabled
 String Deduplication is enabled
Heap:
 garbage-first heap   total 133120K, used 112366K [0x00000000c0000000, 0x0000000100000000)
  region size 1024K, 66 young (67584K), 4 survivors (4096K)
 Metaspace       used 30661K, committed 31488K, reserved 1114112K
  class space    used 2845K, committed 3264K, reserved 1048576K
GC Heap History (20 events):
Event: 5657.793 GC heap after
{Heap after GC invocations=314 (full 0):
 garbage-first heap   total 133120K, used 50721K [0x00000000c0000000, 0x0000000100000000)
  region size 1024K, 1 young (1024K), 1 survivors (1024K)
 Metaspace       used 30661K, committed 31488K, reserved 1114112K
  class space    used 2845K, committed 3264K, reserved 1048576K
}
Event: 5667.507 GC heap before
{Heap before GC invocations=314 (full 0):
 garbage-first heap   total 133120K, used 112161K [0x00000000c0000000, 0x0000000100000000)
  region size 1024K, 61 young (62464K), 1 survivors (1024K)
 Metaspace       used 30661K, committed 31488K, reserved 1114112K
  class space    used 2845K, committed 3264K, reserved 1048576K
}
Event: 5667.511 GC heap after
{Heap after GC invocations=315 (full 0):
 garbage-first heap   total 133120K, used 53832K [0x00000000c0000000, 0x0000000100000000)
  region size 1024K, 4 young (4096K), 4 survivors (4096K)
 Metaspace       used 30661K, committed 31488K, reserved 1114112K
  class space    used 2845K, committed 3264K, reserved 1048576K
}
Event: 5676.752 GC heap before
{Heap before GC invocations=316 (full 0):
 garbage-first heap   total 133120K, used 111176K [0x00000000c0000000, 0x0000000100000000)
  region size 1024K, 60 young (61440K), 4 survivors (4096K)
 Metaspace       used 30661K, committed 31488K, reserved 1114112K
  class space    used 2845K, committed 3264K, reserved 1048576K
}
Event: 5676.755 GC heap after
{Heap after GC invocations=317 (full 0):
 garbage-first heap   total 133120K, used 53431K [0x00000000c0000000, 0x0000000100000000)
  region size 1024K, 4 young (4096K), 4 survivors (4096K)
 Metaspace       used 30661K, committed 31488K, reserved 1114112K
  class space    used 2845K, committed 3264K, reserved 1048576K
}
Event: 5676.943 GC heap before
{Heap before GC invocations=317 (full 0):
 garbage-first heap   total 133120K, used 55479K [0x00000000c0000000, 0x0000000100000000)
  region size 1024K, 6 young (6144K), 4 survivors (4096K)
 Metaspace       used 30661K, committed 31488K, reserved 1114112K
  class space    used 2845K, committed 3264K, reserved 1048576K
}
Event: 5676.946 GC heap after
{Heap after GC invocations=318 (full 0):
 garbage-first heap   total 133120K, used 51558K [0x00000000c0000000, 0x0000000100000000)
  region size 1024K, 1 young (1024K), 1 survivors (1024K)
 Metaspace       used 30661K, committed 31488K, reserved 1114112K
  class space    used 2845K, committed 3264K, reserved 1048576K
}
Event: 5762.516 GC heap before
{Heap before GC invocations=318 (full 0):
 garbage-first heap   total 133120K, used 109926K [0x00000000c0000000, 0x0000000100000000)
  region size 1024K, 59 young (60416K), 1 survivors (1024K)
 Metaspace       used 30661K, committed 31488K, reserved 1114112K
  class space    used 2845K, committed 3264K, reserved 1048576K
}
Event: 5762.518 GC heap after
{Heap after GC invocations=319 (full 0):
 garbage-first heap   total 133120K, used 51675K [0x00000000c0000000, 0x0000000100000000)
  region size 1024K, 1 young (1024K), 1 survivors (1024K)
 Metaspace       used 30661K, committed 31488K, reserved 1114112K
  class space    used 2845K, committed 3264K, reserved 1048576K
}
Event: 5772.621 GC heap before
{Heap before GC invocations=320 (full 0):
 garbage-first heap   total 133120K, used 111067K [0x00000000c0000000, 0x0000000100000000)
  region size 1024K, 60 young (61440K), 1 survivors (1024K)
 Metaspace       used 30661K, committed 31488K, reserved 1114112K
  class space    used 2845K, committed 3264K, reserved 1048576K
}
Event: 5772.623 GC heap after
{Heap after GC invocations=321 (full 0):
 garbage-first heap   total 133120K, used 52686K [0x00000000c0000000, 0x0000000100000000)
  region size 1024K, 3 young (3072K), 3 survivors (3072K)
 Metaspace       used 30661K, committed 31488K, reserved 1114112K
  class space    used 2845K, committed 3264K, reserved 1048576K
}
Event: 5772.910 GC heap before
{Heap before GC invocations=321 (full 0):
 garbage-first heap   total 133120K, used 55758K [0x00000000c0000000, 0x0000000100000000)
  region size 1024K, 6 young (6144K), 3 survivors (3072K)
 Metaspace       used 30661K, committed 31488K, reserved 1114112K
  class space    used 2845K, committed 3264K, reserved 1048576K
}
Event: 5772.913 GC heap after
{Heap after GC invocations=322 (full 0):
 garbage-first heap   total 133120K, used 51129K [0x00000000c0000000, 0x0000000100000000)
  region size 1024K, 1 young (1024K), 1 survivors (1024K)
 Metaspace       used 30661K, committed 31488K, reserved 1114112K
  class space    used 2845K, committed 3264K, reserved 1048576K
}
Event: 5775.929 GC heap before
{Heap before GC invocations=322 (full 0):
 garbage-first heap   total 133120K, used 111545K [0x00000000c0000000, 0x0000000100000000)
  region size 1024K, 60 young (61440K), 1 survivors (1024K)
 Metaspace       used 30661K, committed 31488K, reserved 1114112K
  class space    used 2845K, committed 3264K, reserved 1048576K
}
Event: 5775.932 GC heap after
{Heap after GC invocations=323 (full 0):
 garbage-first heap   total 133120K, used 53502K [0x00000000c0000000, 0x0000000100000000)
  region size 1024K, 4 young (4096K), 4 survivors (4096K)
 Metaspace       used 30661K, committed 31488K, reserved 1114112K
  class space    used 2845K, committed 3264K, reserved 1048576K
}
Event: 5784.343 GC heap before
{Heap before GC invocations=324 (full 0):
 garbage-first heap   total 133120K, used 109822K [0x00000000c0000000, 0x0000000100000000)
  region size 1024K, 59 young (60416K), 4 survivors (4096K)
 Metaspace       used 30661K, committed 31488K, reserved 1114112K
  class space    used 2845K, committed 3264K, reserved 1048576K
}
Event: 5784.344 GC heap after
{Heap after GC invocations=325 (full 0):
 garbage-first heap   total 133120K, used 50853K [0x00000000c0000000, 0x0000000100000000)
  region size 1024K, 1 young (1024K), 1 survivors (1024K)
 Metaspace       used 30661K, committed 31488K, reserved 1114112K
  class space    used 2845K, committed 3264K, reserved 1048576K
}
Event: 5784.749 GC heap before
{Heap before GC invocations=325 (full 0):
 garbage-first heap   total 133120K, used 55973K [0x00000000c0000000, 0x0000000100000000)
  region size 1024K, 6 young (6144K), 1 survivors (1024K)
 Metaspace       used 30661K, committed 31488K, reserved 1114112K
  class space    used 2845K, committed 3264K, reserved 1048576K
}
Event: 5784.750 GC heap after
{Heap after GC invocations=326 (full 0):
 garbage-first heap   total 133120K, used 48878K [0x00000000c0000000, 0x0000000100000000)
  region size 1024K, 1 young (1024K), 1 survivors (1024K)
 Metaspace       used 30661K, committed 31488K, reserved 1114112K
  class space    used 2845K, committed 3264K, reserved 1048576K
}
Event: 5788.421 GC heap before
{Heap before GC invocations=326 (full 0):
 garbage-first heap   total 133120K, used 112366K [0x00000000c0000000, 0x0000000100000000)
  region size 1024K, 63 young (64512K), 1 survivors (1024K)
 Metaspace       used 30661K, committed 31488K, reserved 1114112K
  class space    used 2845K, committed 3264K, reserved 1048576K
}

